# JRE version: OpenJDK Runtime Environment Temurin-17.0.12+7 (17.0.12+7) (build 17.0.12+7)
# Java VM: OpenJDK 64-Bit Server VM Temurin-17.0.12+7 (17.0.12+7, mixed mode, tiered, compressed oops, compressed class ptrs, parallel gc, windows-amd64)
GC Precious Log:
 CPUs: 8 total, 8 available
 Memory: 7957M
 Large Page Support: Disabled
 NUMA Support: Disabled
 Compressed Oops: Enabled (32-bit)
 Alignments: Space 512K, Generation 512K, Heap 2M
 Heap Min Capacity: 100M
 Heap Initial Capacity: 100M
 Heap Max Capacity: 1G
 Pre-touch: Disabled
 Parallel Workers: 8
Heap:
 PSYoungGen      total 17920K, used 9443K [0x00000000eab00000, 0x00000000ec200000, 0x0000000100000000)
  eden space 12800K, 33% used [0x00000000eab00000,0x00000000eaf39e28,0x00000000eb780000)
  from space 5120K, 99% used [0x00000000eb800000,0x00000000ebcfefe0,0x00000000ebd00000)
  to   space 4608K, 0% used [0x00000000ebd80000,0x00000000ebd80000,0x00000000ec200000)
 ParOldGen       total 363520K, used 324277K [0x00000000c0000000, 0x00000000d6300000, 0x00000000eab00000)
  object space 363520K, 89% used [0x00000000c0000000,0x00000000d3cad7f8,0x00000000d6300000)
 Metaspace       used 68292K, committed 69376K, reserved 1114112K
  class space    used 7374K, committed 7872K, reserved 1048576K
GC Heap History (20 events):
Event: 47.719 GC heap before
{Heap before GC invocations=209 (full 14):
 PSYoungGen      total 13824K, used 13632K [0x00000000eab00000, 0x00000000ec200000, 0x0000000100000000)
  eden space 9216K, 100% used [0x00000000eab00000,0x00000000eb400000,0x00000000eb400000)
  from space 4608K, 95% used [0x00000000ebd80000,0x00000000ec1d0000,0x00000000ec200000)
  to   space 6656K, 0% used [0x00000000eb500000,0x00000000eb500000,0x00000000ebb80000)
 ParOldGen       total 363520K, used 309015K [0x00000000c0000000, 0x00000000d6300000, 0x00000000eab00000)
  object space 363520K, 85% used [0x00000000c0000000,0x00000000d2dc5f88,0x00000000d6300000)
 Metaspace       used 65233K, committed 66304K, reserved 1114112K
  class space    used 7012K, committed 7488K, reserved 1048576K
}
Event: 47.726 GC heap after
{Heap after GC invocations=209 (full 14):
 PSYoungGen      total 15872K, used 6528K [0x00000000eab00000, 0x00000000ec200000, 0x0000000100000000)
  eden space 9216K, 0% used [0x00000000eab00000,0x00000000eab00000,0x00000000eb400000)
  from space 6656K, 98% used [0x00000000eb500000,0x00000000ebb60000,0x00000000ebb80000)
  to   space 6656K, 0% used [0x00000000ebb80000,0x00000000ebb80000,0x00000000ec200000)
 ParOldGen       total 363520K, used 309023K [0x00000000c0000000, 0x00000000d6300000, 0x00000000eab00000)
  object space 363520K, 85% used [0x00000000c0000000,0x00000000d2dc7f88,0x00000000d6300000)
 Metaspace       used 65233K, committed 66304K, reserved 1114112K
  class space    used 7012K, committed 7488K, reserved 1048576K
}
Event: 47.840 GC heap before
{Heap before GC invocations=210 (full 14):
 PSYoungGen      total 15872K, used 15744K [0x00000000eab00000, 0x00000000ec200000, 0x0000000100000000)
  eden space 9216K, 100% used [0x00000000eab00000,0x00000000eb400000,0x00000000eb400000)
  from space 6656K, 98% used [0x00000000eb500000,0x00000000ebb60000,0x00000000ebb80000)
  to   space 6656K, 0% used [0x00000000ebb80000,0x00000000ebb80000,0x00000000ec200000)
 ParOldGen       total 363520K, used 309041K [0x00000000c0000000, 0x00000000d6300000, 0x00000000eab00000)
  object space 363520K, 85% used [0x00000000c0000000,0x00000000d2dcc660,0x00000000d6300000)
 Metaspace       used 66081K, committed 67136K, reserved 1114112K
  class space    used 7112K, committed 7616K, reserved 1048576K
}
Event: 47.848 GC heap after
{Heap after GC invocations=210 (full 14):
 PSYoungGen      total 15872K, used 6656K [0x00000000eab00000, 0x00000000ec200000, 0x0000000100000000)
  eden space 9216K, 0% used [0x00000000eab00000,0x00000000eab00000,0x00000000eb400000)
  from space 6656K, 100% used [0x00000000ebb80000,0x00000000ec200000,0x00000000ec200000)
  to   space 7168K, 0% used [0x00000000eb400000,0x00000000eb400000,0x00000000ebb00000)
 ParOldGen       total 363520K, used 309057K [0x00000000c0000000, 0x00000000d6300000, 0x00000000eab00000)
  object space 363520K, 85% used [0x00000000c0000000,0x00000000d2dd0660,0x00000000d6300000)
 Metaspace       used 66081K, committed 67136K, reserved 1114112K
  class space    used 7112K, committed 7616K, reserved 1048576K
}
Event: 48.033 GC heap before
{Heap before GC invocations=211 (full 14):
 PSYoungGen      total 15872K, used 15871K [0x00000000eab00000, 0x00000000ec200000, 0x0000000100000000)
  eden space 9216K, 99% used [0x00000000eab00000,0x00000000eb3ffff0,0x00000000eb400000)
  from space 6656K, 100% used [0x00000000ebb80000,0x00000000ec200000,0x00000000ec200000)
  to   space 7168K, 0% used [0x00000000eb400000,0x00000000eb400000,0x00000000ebb00000)
 ParOldGen       total 363520K, used 309057K [0x00000000c0000000, 0x00000000d6300000, 0x00000000eab00000)
  object space 363520K, 85% used [0x00000000c0000000,0x00000000d2dd0660,0x00000000d6300000)
 Metaspace       used 66227K, committed 67264K, reserved 1114112K
  class space    used 7121K, committed 7616K, reserved 1048576K
}
Event: 48.039 GC heap after
{Heap after GC invocations=211 (full 14):
 PSYoungGen      total 16384K, used 7160K [0x00000000eab00000, 0x00000000ec400000, 0x0000000100000000)
  eden space 9216K, 0% used [0x00000000eab00000,0x00000000eab00000,0x00000000eb400000)
  from space 7168K, 99% used [0x00000000eb400000,0x00000000ebafe2c8,0x00000000ebb00000)
  to   space 8192K, 0% used [0x00000000ebc00000,0x00000000ebc00000,0x00000000ec400000)
 ParOldGen       total 363520K, used 309473K [0x00000000c0000000, 0x00000000d6300000, 0x00000000eab00000)
  object space 363520K, 85% used [0x00000000c0000000,0x00000000d2e38660,0x00000000d6300000)
 Metaspace       used 66227K, committed 67264K, reserved 1114112K
  class space    used 7121K, committed 7616K, reserved 1048576K
}
Event: 48.107 GC heap before
{Heap before GC invocations=212 (full 14):
 PSYoungGen      total 16384K, used 16376K [0x00000000eab00000, 0x00000000ec400000, 0x0000000100000000)
  eden space 9216K, 100% used [0x00000000eab00000,0x00000000eb400000,0x00000000eb400000)
  from space 7168K, 99% used [0x00000000eb400000,0x00000000ebafe2c8,0x00000000ebb00000)
  to   space 8192K, 0% used [0x00000000ebc00000,0x00000000ebc00000,0x00000000ec400000)
 ParOldGen       total 363520K, used 309473K [0x00000000c0000000, 0x00000000d6300000, 0x00000000eab00000)
  object space 363520K, 85% used [0x00000000c0000000,0x00000000d2e38660,0x00000000d6300000)
 Metaspace       used 66381K, committed 67456K, reserved 1114112K
  class space    used 7149K, committed 7680K, reserved 1048576K
}
Event: 48.115 GC heap after
{Heap after GC invocations=212 (full 14):
 PSYoungGen      total 13824K, used 3512K [0x00000000eab00000, 0x00000000ebf80000, 0x0000000100000000)
  eden space 10240K, 0% used [0x00000000eab00000,0x00000000eab00000,0x00000000eb500000)
  from space 3584K, 98% used [0x00000000ebc00000,0x00000000ebf6e370,0x00000000ebf80000)
  to   space 5120K, 0% used [0x00000000eb580000,0x00000000eb580000,0x00000000eba80000)
 ParOldGen       total 363520K, used 315380K [0x00000000c0000000, 0x00000000d6300000, 0x00000000eab00000)
  object space 363520K, 86% used [0x00000000c0000000,0x00000000d33fd3f0,0x00000000d6300000)
 Metaspace       used 66381K, committed 67456K, reserved 1114112K
  class space    used 7149K, committed 7680K, reserved 1048576K
}
Event: 48.156 GC heap before
{Heap before GC invocations=213 (full 14):
 PSYoungGen      total 13824K, used 13738K [0x00000000eab00000, 0x00000000ebf80000, 0x0000000100000000)
  eden space 10240K, 99% used [0x00000000eab00000,0x00000000eb4fc5b0,0x00000000eb500000)
  from space 3584K, 98% used [0x00000000ebc00000,0x00000000ebf6e370,0x00000000ebf80000)
  to   space 5120K, 0% used [0x00000000eb580000,0x00000000eb580000,0x00000000eba80000)
 ParOldGen       total 363520K, used 315380K [0x00000000c0000000, 0x00000000d6300000, 0x00000000eab00000)
  object space 363520K, 86% used [0x00000000c0000000,0x00000000d33fd3f0,0x00000000d6300000)
 Metaspace       used 66390K, committed 67456K, reserved 1114112K
  class space    used 7150K, committed 7680K, reserved 1048576K
}
Event: 48.162 GC heap after
{Heap after GC invocations=213 (full 14):
 PSYoungGen      total 15872K, used 5095K [0x00000000eab00000, 0x00000000ecf00000, 0x0000000100000000)
  eden space 10752K, 0% used [0x00000000eab00000,0x00000000eab00000,0x00000000eb580000)
  from space 5120K, 99% used [0x00000000eb580000,0x00000000eba79d08,0x00000000eba80000)
  to   space 12800K, 0% used [0x00000000ec280000,0x00000000ec280000,0x00000000ecf00000)
 ParOldGen       total 363520K, used 321319K [0x00000000c0000000, 0x00000000d6300000, 0x00000000eab00000)
  object space 363520K, 88% used [0x00000000c0000000,0x00000000d39c9fc8,0x00000000d6300000)
 Metaspace       used 66390K, committed 67456K, reserved 1114112K
  class space    used 7150K, committed 7680K, reserved 1048576K
}
Event: 48.216 GC heap before
{Heap before GC invocations=214 (full 14):
 PSYoungGen      total 15872K, used 15847K [0x00000000eab00000, 0x00000000ecf00000, 0x0000000100000000)
  eden space 10752K, 100% used [0x00000000eab00000,0x00000000eb580000,0x00000000eb580000)
  from space 5120K, 99% used [0x00000000eb580000,0x00000000eba79d08,0x00000000eba80000)
  to   space 12800K, 0% used [0x00000000ec280000,0x00000000ec280000,0x00000000ecf00000)
 ParOldGen       total 363520K, used 321319K [0x00000000c0000000, 0x00000000d6300000, 0x00000000eab00000)
  object space 363520K, 88% used [0x00000000c0000000,0x00000000d39c9fc8,0x00000000d6300000)
 Metaspace       used 66434K, committed 67456K, reserved 1114112K
  class space    used 7151K, committed 7680K, reserved 1048576K
}
Event: 48.222 GC heap after
{Heap after GC invocations=214 (full 14):
 PSYoungGen      total 18944K, used 7079K [0x00000000eab00000, 0x00000000ec980000, 0x0000000100000000)
  eden space 11776K, 0% used [0x00000000eab00000,0x00000000eab00000,0x00000000eb680000)
  from space 7168K, 98% used [0x00000000ec280000,0x00000000ec969d60,0x00000000ec980000)
  to   space 8704K, 0% used [0x00000000eb880000,0x00000000eb880000,0x00000000ec100000)
 ParOldGen       total 363520K, used 322364K [0x00000000c0000000, 0x00000000d6300000, 0x00000000eab00000)
  object space 363520K, 88% used [0x00000000c0000000,0x00000000d3acf1f0,0x00000000d6300000)
 Metaspace       used 66434K, committed 67456K, reserved 1114112K
  class space    used 7151K, committed 7680K, reserved 1048576K
}
Event: 48.450 GC heap before
{Heap before GC invocations=215 (full 14):
 PSYoungGen      total 18944K, used 18855K [0x00000000eab00000, 0x00000000ec980000, 0x0000000100000000)
  eden space 11776K, 100% used [0x00000000eab00000,0x00000000eb680000,0x00000000eb680000)
  from space 7168K, 98% used [0x00000000ec280000,0x00000000ec969d60,0x00000000ec980000)
  to   space 8704K, 0% used [0x00000000eb880000,0x00000000eb880000,0x00000000ec100000)
 ParOldGen       total 363520K, used 322364K [0x00000000c0000000, 0x00000000d6300000, 0x00000000eab00000)
  object space 363520K, 88% used [0x00000000c0000000,0x00000000d3acf1f0,0x00000000d6300000)
 Metaspace       used 66684K, committed 67840K, reserved 1114112K
  class space    used 7187K, committed 7744K, reserved 1048576K
}
Event: 48.455 GC heap after
{Heap after GC invocations=215 (full 14):
 PSYoungGen      total 17408K, used 4296K [0x00000000eab00000, 0x00000000ec300000, 0x0000000100000000)
  eden space 12800K, 0% used [0x00000000eab00000,0x00000000eab00000,0x00000000eb780000)
  from space 4608K, 93% used [0x00000000eb880000,0x00000000ebcb2028,0x00000000ebd00000)
  to   space 5632K, 0% used [0x00000000ebd80000,0x00000000ebd80000,0x00000000ec300000)
 ParOldGen       total 363520K, used 322372K [0x00000000c0000000, 0x00000000d6300000, 0x00000000eab00000)
  object space 363520K, 88% used [0x00000000c0000000,0x00000000d3ad11f0,0x00000000d6300000)
 Metaspace       used 66684K, committed 67840K, reserved 1114112K
  class space    used 7187K, committed 7744K, reserved 1048576K
}
Event: 48.696 GC heap before
{Heap before GC invocations=216 (full 14):
 PSYoungGen      total 17408K, used 17096K [0x00000000eab00000, 0x00000000ec300000, 0x0000000100000000)
  eden space 12800K, 100% used [0x00000000eab00000,0x00000000eb780000,0x00000000eb780000)
  from space 4608K, 93% used [0x00000000eb880000,0x00000000ebcb2028,0x00000000ebd00000)
  to   space 5632K, 0% used [0x00000000ebd80000,0x00000000ebd80000,0x00000000ec300000)
 ParOldGen       total 363520K, used 322372K [0x00000000c0000000, 0x00000000d6300000, 0x00000000eab00000)
  object space 363520K, 88% used [0x00000000c0000000,0x00000000d3ad11f0,0x00000000d6300000)
 Metaspace       used 66979K, committed 68096K, reserved 1114112K
  class space    used 7244K, committed 7808K, reserved 1048576K
}
Event: 48.699 GC heap after
{Heap after GC invocations=216 (full 14):
 PSYoungGen      total 17408K, used 4488K [0x00000000eab00000, 0x00000000ec200000, 0x0000000100000000)
  eden space 12800K, 0% used [0x00000000eab00000,0x00000000eab00000,0x00000000eb780000)
  from space 4608K, 97% used [0x00000000ebd80000,0x00000000ec1e2058,0x00000000ec200000)
  to   space 5120K, 0% used [0x00000000eb800000,0x00000000eb800000,0x00000000ebd00000)
 ParOldGen       total 363520K, used 322380K [0x00000000c0000000, 0x00000000d6300000, 0x00000000eab00000)
  object space 363520K, 88% used [0x00000000c0000000,0x00000000d3ad31f0,0x00000000d6300000)
 Metaspace       used 66979K, committed 68096K, reserved 1114112K
  class space    used 7244K, committed 7808K, reserved 1048576K
}
Event: 48.901 GC heap before
{Heap before GC invocations=217 (full 14):
 PSYoungGen      total 17408K, used 17288K [0x00000000eab00000, 0x00000000ec200000, 0x0000000100000000)
  eden space 12800K, 100% used [0x00000000eab00000,0x00000000eb780000,0x00000000eb780000)
  from space 4608K, 97% used [0x00000000ebd80000,0x00000000ec1e2058,0x00000000ec200000)
  to   space 5120K, 0% used [0x00000000eb800000,0x00000000eb800000,0x00000000ebd00000)
 ParOldGen       total 363520K, used 322380K [0x00000000c0000000, 0x00000000d6300000, 0x00000000eab00000)
  object space 363520K, 88% used [0x00000000c0000000,0x00000000d3ad31f0,0x00000000d6300000)
 Metaspace       used 67325K, committed 68416K, reserved 1114112K
  class space    used 7274K, committed 7808K, reserved 1048576K
}
Event: 48.906 GC heap after
{Heap after GC invocations=217 (full 14):
 PSYoungGen      total 17920K, used 5096K [0x00000000eab00000, 0x00000000ec380000, 0x0000000100000000)
  eden space 12800K, 0% used [0x00000000eab00000,0x00000000eab00000,0x00000000eb780000)
  from space 5120K, 99% used [0x00000000eb800000,0x00000000ebcfa048,0x00000000ebd00000)
  to   space 6144K, 0% used [0x00000000ebd80000,0x00000000ebd80000,0x00000000ec380000)
 ParOldGen       total 363520K, used 322817K [0x00000000c0000000, 0x00000000d6300000, 0x00000000eab00000)
  object space 363520K, 88% used [0x00000000c0000000,0x00000000d3b404a8,0x00000000d6300000)
 Metaspace       used 67325K, committed 68416K, reserved 1114112K
  class space    used 7274K, committed 7808K, reserved 1048576K
}
Event: 49.155 GC heap before
{Heap before GC invocations=218 (full 14):
 PSYoungGen      total 17920K, used 17896K [0x00000000eab00000, 0x00000000ec380000, 0x0000000100000000)
  eden space 12800K, 100% used [0x00000000eab00000,0x00000000eb780000,0x00000000eb780000)
  from space 5120K, 99% used [0x00000000eb800000,0x00000000ebcfa048,0x00000000ebd00000)
  to   space 6144K, 0% used [0x00000000ebd80000,0x00000000ebd80000,0x00000000ec380000)
 ParOldGen       total 363520K, used 322817K [0x00000000c0000000, 0x00000000d6300000, 0x00000000eab00000)
  object space 363520K, 88% used [0x00000000c0000000,0x00000000d3b404a8,0x00000000d6300000)
 Metaspace       used 67630K, committed 68736K, reserved 1114112K
  class space    used 7309K, committed 7872K, reserved 1048576K
}
Event: 49.161 GC heap after
{Heap after GC invocations=218 (full 14):
 PSYoungGen      total 17408K, used 4296K [0x00000000eab00000, 0x00000000ec200000, 0x0000000100000000)
  eden space 12800K, 0% used [0x00000000eab00000,0x00000000eab00000,0x00000000eb780000)
  from space 4608K, 93% used [0x00000000ebd80000,0x00000000ec1b2018,0x00000000ec200000)
  to   space 5120K, 0% used [0x00000000eb800000,0x00000000eb800000,0x00000000ebd00000)
 ParOldGen       total 363520K, used 323925K [0x00000000c0000000, 0x00000000d6300000, 0x00000000eab00000)
  object space 363520K, 89% used [0x00000000c0000000,0x00000000d3c557f8,0x00000000d6300000)
 Metaspace       used 67630K, committed 68736K, reserved 1114112K
  class space    used 7309K, committed 7872K, reserved 1048576K
}

